I, [2025-04-26T12:09:05.603942 #79475]  INFO -- : Cleared interactions
I, [2025-04-26T12:09:05.605728 #79475]  INFO -- : Registered expected interaction POST /auth/register
D, [2025-04-26T12:09:05.605804 #79475] DEBUG -- : {
  "description": "a request to register a new user via web form",
  "providerState": "User test.user@example.com does not exist",
  "request": {
    "method": "POST",
    "path": "/auth/register",
    "headers": {
      "Content-Type": "application/x-www-form-urlencoded"
    },
    "body": {
      "email": {
        "json_class": "Pact::SomethingLike",
        "contents": "test.user@example.com"
      },
      "password": {
        "json_class": "Pact::SomethingLike",
        "contents": "securepassword123"
      },
      "username": {
        "json_class": "Pact::SomethingLike",
        "contents": "testuser"
      }
    }
  },
  "response": {
    "status": 201,
    "headers": {
    }
  },
  "metadata": null
}
W, [2025-04-26T12:09:06.275354 #79475]  WARN -- : Verifying - actual interactions do not match expected interactions. 
Missing requests:
	POST /auth/register



W, [2025-04-26T12:09:06.275542 #79475]  WARN -- : Missing requests:
	POST /auth/register



