# Logfile created on 2025-04-27 13:02:20 -0700 by logger.rb/v1.5.3
I, [2025-04-27T13:02:20.756159 #93074]  INFO -- : Running example 'Verifying a pact between frontend-pact and backend-api Given User test.user@example.com does not exist a request to register a new user via web form with POST /auth/register returns a response which has status code 201'
I, [2025-04-27T13:02:20.756239 #93074]  INFO -- : Sending POST request to path: "/auth/register" with headers: {"CONTENT_TYPE"=>"application/x-www-form-urlencoded", "HTTP_X_PACT_ORIGINAL_HEADER_NAMES"=>"Content-Type", "X_PACT_PROVIDER_STATES"=>[{"name"=>"User test.user@example.com does not exist"}]}, see debug logs for body
I, [2025-04-27T13:06:19.048213 #93246]  INFO -- : Running example 'Verifying a pact between frontend-pact and backend-api Given User test.user@example.com does not exist a request to register a new user via web form with POST /auth/register returns a response which has status code 201'
I, [2025-04-27T13:06:19.048423 #93246]  INFO -- : Sending POST request to path: "/auth/register" with headers: {"CONTENT_TYPE"=>"application/x-www-form-urlencoded", "HTTP_X_PACT_ORIGINAL_HEADER_NAMES"=>"Content-Type", "X_PACT_PROVIDER_STATES"=>[{"name"=>"User test.user@example.com does not exist"}]}, see debug logs for body
I, [2025-04-27T13:07:52.542115 #93303]  INFO -- : Running example 'Verifying a pact between frontend-pact and backend-api Given User test.user@example.com does not exist a request to register a new user via web form with POST /auth/register returns a response which has status code 201'
I, [2025-04-27T13:07:52.542202 #93303]  INFO -- : Sending POST request to path: "/auth/register" with headers: {"CONTENT_TYPE"=>"application/x-www-form-urlencoded", "HTTP_X_PACT_ORIGINAL_HEADER_NAMES"=>"Content-Type", "X_PACT_PROVIDER_STATES"=>[{"name"=>"User test.user@example.com does not exist"}]}, see debug logs for body
I, [2025-04-27T13:12:24.039641 #93451]  INFO -- : Running example 'Verifying a pact between frontend-pact and backend-api Given User test.user@example.com does not exist a request to register a new user via web form with POST /auth/register returns a response which has status code 201'
I, [2025-04-27T13:12:24.039844 #93451]  INFO -- : Sending POST request to path: "/auth/register" with headers: {"CONTENT_TYPE"=>"application/x-www-form-urlencoded", "HTTP_X_PACT_ORIGINAL_HEADER_NAMES"=>"Content-Type", "X_PACT_PROVIDER_STATES"=>[{"name"=>"User test.user@example.com does not exist"}]}, see debug logs for body
I, [2025-04-27T13:19:34.953846 #93591]  INFO -- : Running example 'Verifying a pact between frontend-pact and backend-api Given User test.user@example.com does not exist a request to register a new user via web form with POST /auth/register returns a response which has status code 201'
I, [2025-04-27T13:19:34.954040 #93591]  INFO -- : Sending POST request to path: "/auth/register" with headers: {"CONTENT_TYPE"=>"application/x-www-form-urlencoded", "HTTP_X_PACT_ORIGINAL_HEADER_NAMES"=>"Content-Type", "X_PACT_PROVIDER_STATES"=>[{"name"=>"User test.user@example.com does not exist"}]}, see debug logs for body
I, [2025-04-27T13:26:19.667339 #93885]  INFO -- : Running example 'Verifying a pact between frontend-pact and backend-api Given User test.user@example.com does not exist a request to register a new user via web form with POST /auth/register returns a response which has status code 201'
I, [2025-04-27T13:26:19.667424 #93885]  INFO -- : Sending POST request to path: "/auth/register" with headers: {"CONTENT_TYPE"=>"application/x-www-form-urlencoded", "HTTP_X_PACT_ORIGINAL_HEADER_NAMES"=>"Content-Type", "X_PACT_PROVIDER_STATES"=>[{"name"=>"User test.user@example.com does not exist"}]}, see debug logs for body
I, [2025-04-27T13:29:18.487354 #94048]  INFO -- : Running example 'Verifying a pact between frontend-pact and backend-api Given User test.user@example.com does not exist a request to register a new user via web form with POST /auth/register returns a response which has status code 201'
I, [2025-04-27T13:29:18.487447 #94048]  INFO -- : Sending POST request to path: "/auth/register" with headers: {"CONTENT_TYPE"=>"application/x-www-form-urlencoded", "HTTP_X_PACT_ORIGINAL_HEADER_NAMES"=>"Content-Type", "X_PACT_PROVIDER_STATES"=>[{"name"=>"User test.user@example.com does not exist"}]}, see debug logs for body
I, [2025-04-27T13:33:33.260728 #94163]  INFO -- : Running example 'Verifying a pact between frontend-pact and backend-api Given User test.user@example.com does not exist a request to register a new user via web form with POST /auth/register returns a response which has status code 201'
I, [2025-04-27T13:33:33.260819 #94163]  INFO -- : Sending POST request to path: "/auth/register" with headers: {"CONTENT_TYPE"=>"application/x-www-form-urlencoded", "HTTP_X_PACT_ORIGINAL_HEADER_NAMES"=>"Content-Type", "X_PACT_PROVIDER_STATES"=>[{"name"=>"User test.user@example.com does not exist"}]}, see debug logs for body
I, [2025-04-27T13:34:04.662856 #94224]  INFO -- : Running example 'Verifying a pact between frontend-pact and backend-api Given User test.user@example.com does not exist a request to register a new user via web form with POST /auth/register returns a response which has status code 201'
I, [2025-04-27T13:34:04.662943 #94224]  INFO -- : Sending POST request to path: "/auth/register" with headers: {"CONTENT_TYPE"=>"application/x-www-form-urlencoded", "HTTP_X_PACT_ORIGINAL_HEADER_NAMES"=>"Content-Type", "X_PACT_PROVIDER_STATES"=>[{"name"=>"User test.user@example.com does not exist"}]}, see debug logs for body
I, [2025-04-27T13:35:43.800461 #94319]  INFO -- : Running example 'Verifying a pact between frontend-pact and backend-api Given User test.user@example.com does not exist a request to register a new user via web form with POST /auth/register returns a response which has status code 201'
I, [2025-04-27T13:35:43.800550 #94319]  INFO -- : Sending POST request to path: "/auth/register" with headers: {"CONTENT_TYPE"=>"application/x-www-form-urlencoded", "HTTP_X_PACT_ORIGINAL_HEADER_NAMES"=>"Content-Type", "X_PACT_PROVIDER_STATES"=>[{"name"=>"User test.user@example.com does not exist"}]}, see debug logs for body
I, [2025-04-27T13:38:00.036357 #94428]  INFO -- : Running example 'Verifying a pact between frontend-pact and backend-api Given User test.user@example.com does not exist a request to register a new user via web form with POST /auth/register returns a response which has status code 201'
I, [2025-04-27T13:38:00.036435 #94428]  INFO -- : Sending POST request to path: "/auth/register" with headers: {"CONTENT_TYPE"=>"application/x-www-form-urlencoded", "HTTP_X_PACT_ORIGINAL_HEADER_NAMES"=>"Content-Type", "X_PACT_PROVIDER_STATES"=>[{"name"=>"User test.user@example.com does not exist"}]}, see debug logs for body
I, [2025-04-27T13:38:00.043695 #94428]  INFO -- : Received response with status: 422, headers: {"Date"=>"Sun, 27 Apr 2025 20:37:59 GMT", "Server"=>"uvicorn", "Content-Length"=>"430", "Content-Type"=>"application/json"}, see debug logs for body
I, [2025-04-27T13:49:45.967964 #94716]  INFO -- : Running example 'Verifying a pact between frontend-pact and backend-api Given User test.user@example.com does not exist a request to register a new user via web form with POST /auth/register returns a response which has status code 201'
I, [2025-04-27T13:49:45.968169 #94716]  INFO -- : Sending POST request to path: "/auth/register" with headers: {"CONTENT_TYPE"=>"application/x-www-form-urlencoded", "HTTP_X_PACT_ORIGINAL_HEADER_NAMES"=>"Content-Type", "X_PACT_PROVIDER_STATES"=>[{"name"=>"User test.user@example.com does not exist"}]}, see debug logs for body
I, [2025-04-27T13:49:45.974790 #94716]  INFO -- : Received response with status: 422, headers: {"Date"=>"Sun, 27 Apr 2025 20:49:45 GMT", "Server"=>"uvicorn", "Content-Length"=>"430", "Content-Type"=>"application/json"}, see debug logs for body
I, [2025-04-27T14:26:54.679393 #97608]  INFO -- : Running example 'Verifying a pact between frontend-pact and backend-api Given User test.user@example.com does not exist a request to register a new user via web form with POST /auth/register returns a response which has status code 201'
I, [2025-04-27T14:26:54.679488 #97608]  INFO -- : Sending POST request to path: "/auth/register" with headers: {"CONTENT_TYPE"=>"application/x-www-form-urlencoded", "HTTP_X_PACT_ORIGINAL_HEADER_NAMES"=>"Content-Type", "X_PACT_PROVIDER_STATES"=>[{"name"=>"User test.user@example.com does not exist"}]}, see debug logs for body
I, [2025-04-27T14:26:54.686064 #97608]  INFO -- : Received response with status: 422, headers: {"Date"=>"Sun, 27 Apr 2025 21:26:53 GMT", "Server"=>"uvicorn", "Content-Length"=>"430", "Content-Type"=>"application/json"}, see debug logs for body
I, [2025-04-27T14:40:34.061747 #99679]  INFO -- : Running example 'Verifying a pact between RegistrationUI and backend-api Given User test.user@example.com does not exist a request to register a new user via web form with POST /auth/register returns a response which has status code 201'
I, [2025-04-27T14:40:34.061846 #99679]  INFO -- : Sending POST request to path: "/auth/register" with headers: {"CONTENT_TYPE"=>"application/json", "HTTP_X_PACT_ORIGINAL_HEADER_NAMES"=>"Content-Type", "X_PACT_PROVIDER_STATES"=>[{"name"=>"User test.user@example.com does not exist"}]}, see debug logs for body
I, [2025-04-27T14:40:34.114918 #99679]  INFO -- : Received response with status: 500, headers: {"Date"=>"Sun, 27 Apr 2025 21:40:33 GMT", "Server"=>"uvicorn", "Content-Length"=>"21", "Content-Type"=>"text/plain; charset=utf-8"}, see debug logs for body
I, [2025-04-27T14:40:52.602142 #99748]  INFO -- : Running example 'Verifying a pact between RegistrationUI and backend-api Given User test.user@example.com does not exist a request to register a new user via web form with POST /auth/register returns a response which has status code 201'
I, [2025-04-27T14:40:52.602244 #99748]  INFO -- : Sending POST request to path: "/auth/register" with headers: {"CONTENT_TYPE"=>"application/json", "HTTP_X_PACT_ORIGINAL_HEADER_NAMES"=>"Content-Type", "X_PACT_PROVIDER_STATES"=>[{"name"=>"User test.user@example.com does not exist"}]}, see debug logs for body
I, [2025-04-27T14:40:52.615926 #99748]  INFO -- : Received response with status: 400, headers: {"Date"=>"Sun, 27 Apr 2025 21:40:51 GMT", "Server"=>"uvicorn", "Content-Length"=>"41", "Content-Type"=>"application/json"}, see debug logs for body
I, [2025-04-27T14:41:25.397495 #99809]  INFO -- : Running example 'Verifying a pact between RegistrationUI and backend-api Given User test.user@example.com does not exist a request to register a new user via web form with POST /auth/register returns a response which has status code 201'
I, [2025-04-27T14:41:25.397603 #99809]  INFO -- : Sending POST request to path: "/auth/register" with headers: {"CONTENT_TYPE"=>"application/json", "HTTP_X_PACT_ORIGINAL_HEADER_NAMES"=>"Content-Type", "X_PACT_PROVIDER_STATES"=>[{"name"=>"User test.user@example.com does not exist"}]}, see debug logs for body
I, [2025-04-27T14:41:25.419733 #99809]  INFO -- : Received response with status: 500, headers: {"Date"=>"Sun, 27 Apr 2025 21:41:24 GMT", "Server"=>"uvicorn", "Content-Length"=>"62", "Content-Type"=>"application/json"}, see debug logs for body
I, [2025-04-27T14:43:56.408747 #99925]  INFO -- : Running example 'Verifying a pact between RegistrationUI and backend-api Given User test.user@example.com does not exist a request to register a new user via web form with POST /auth/register returns a response which has status code 201'
I, [2025-04-27T14:43:56.408863 #99925]  INFO -- : Sending POST request to path: "/auth/register" with headers: {"CONTENT_TYPE"=>"application/json", "HTTP_X_PACT_ORIGINAL_HEADER_NAMES"=>"Content-Type", "X_PACT_PROVIDER_STATES"=>[{"name"=>"User test.user@example.com does not exist"}]}, see debug logs for body
I, [2025-04-27T14:43:56.425980 #99925]  INFO -- : Received response with status: 500, headers: {"Date"=>"Sun, 27 Apr 2025 21:43:55 GMT", "Server"=>"uvicorn", "Content-Length"=>"62", "Content-Type"=>"application/json"}, see debug logs for body
I, [2025-04-27T14:47:37.215260 #156]  INFO -- : Running example 'Verifying a pact between RegistrationUI and backend-api Given User test.user@example.com does not exist a request to register a new user via web form with POST /auth/register returns a response which has status code 201'
I, [2025-04-27T14:47:37.215375 #156]  INFO -- : Sending POST request to path: "/auth/register" with headers: {"CONTENT_TYPE"=>"application/json", "HTTP_X_PACT_ORIGINAL_HEADER_NAMES"=>"Content-Type", "X_PACT_PROVIDER_STATES"=>[{"name"=>"User test.user@example.com does not exist"}]}, see debug logs for body
I, [2025-04-27T14:47:37.231770 #156]  INFO -- : Received response with status: 500, headers: {"Date"=>"Sun, 27 Apr 2025 21:47:36 GMT", "Server"=>"uvicorn", "Content-Length"=>"62", "Content-Type"=>"application/json"}, see debug logs for body
I, [2025-04-27T14:48:09.137474 #225]  INFO -- : Running example 'Verifying a pact between RegistrationUI and backend-api Given User test.user@example.com does not exist a request to register a new user via web form with POST /auth/register returns a response which has status code 201'
I, [2025-04-27T14:48:09.137589 #225]  INFO -- : Sending POST request to path: "/auth/register" with headers: {"CONTENT_TYPE"=>"application/json", "HTTP_X_PACT_ORIGINAL_HEADER_NAMES"=>"Content-Type", "X_PACT_PROVIDER_STATES"=>[{"name"=>"User test.user@example.com does not exist"}]}, see debug logs for body
I, [2025-04-27T14:48:09.155903 #225]  INFO -- : Received response with status: 500, headers: {"Date"=>"Sun, 27 Apr 2025 21:48:08 GMT", "Server"=>"uvicorn", "Content-Length"=>"62", "Content-Type"=>"application/json"}, see debug logs for body
I, [2025-04-27T14:49:18.847769 #348]  INFO -- : Running example 'Verifying a pact between RegistrationUI and backend-api Given User test.user@example.com does not exist a request to register a new user via web form with POST /auth/register returns a response which has status code 201'
I, [2025-04-27T14:49:18.847887 #348]  INFO -- : Sending POST request to path: "/auth/register" with headers: {"CONTENT_TYPE"=>"application/json", "HTTP_X_PACT_ORIGINAL_HEADER_NAMES"=>"Content-Type", "X_PACT_PROVIDER_STATES"=>[{"name"=>"User test.user@example.com does not exist"}]}, see debug logs for body
I, [2025-04-27T14:49:18.867868 #348]  INFO -- : Received response with status: 500, headers: {"Date"=>"Sun, 27 Apr 2025 21:49:17 GMT", "Server"=>"uvicorn", "Content-Length"=>"62", "Content-Type"=>"application/json"}, see debug logs for body
I, [2025-04-27T14:49:31.326296 #407]  INFO -- : Running example 'Verifying a pact between RegistrationUI and backend-api Given User test.user@example.com does not exist a request to register a new user via web form with POST /auth/register returns a response which has status code 201'
I, [2025-04-27T14:49:31.326401 #407]  INFO -- : Sending POST request to path: "/auth/register" with headers: {"CONTENT_TYPE"=>"application/json", "HTTP_X_PACT_ORIGINAL_HEADER_NAMES"=>"Content-Type", "X_PACT_PROVIDER_STATES"=>[{"name"=>"User test.user@example.com does not exist"}]}, see debug logs for body
I, [2025-04-27T14:49:31.344700 #407]  INFO -- : Received response with status: 500, headers: {"Date"=>"Sun, 27 Apr 2025 21:49:30 GMT", "Server"=>"uvicorn", "Content-Length"=>"62", "Content-Type"=>"application/json"}, see debug logs for body
I, [2025-04-27T14:53:13.288317 #1619]  INFO -- : Running example 'Verifying a pact between RegistrationUI and backend-api Given User test.user@example.com does not exist a request to register a new user via web form with POST /auth/register returns a response which has status code 201'
I, [2025-04-27T14:53:13.288420 #1619]  INFO -- : Sending POST request to path: "/auth/register" with headers: {"CONTENT_TYPE"=>"application/json", "HTTP_X_PACT_ORIGINAL_HEADER_NAMES"=>"Content-Type", "X_PACT_PROVIDER_STATES"=>[{"name"=>"User test.user@example.com does not exist"}]}, see debug logs for body
I, [2025-04-27T14:53:13.343099 #1619]  INFO -- : Received response with status: 500, headers: {"Date"=>"Sun, 27 Apr 2025 21:53:12 GMT", "Server"=>"uvicorn", "Content-Length"=>"21", "Content-Type"=>"text/plain; charset=utf-8"}, see debug logs for body
I, [2025-04-27T14:54:13.631937 #1681]  INFO -- : Running example 'Verifying a pact between RegistrationUI and backend-api Given User test.user@example.com does not exist a request to register a new user via web form with POST /auth/register returns a response which has status code 201'
I, [2025-04-27T14:54:13.632044 #1681]  INFO -- : Sending POST request to path: "/auth/register" with headers: {"CONTENT_TYPE"=>"application/json", "HTTP_X_PACT_ORIGINAL_HEADER_NAMES"=>"Content-Type", "X_PACT_PROVIDER_STATES"=>[{"name"=>"User test.user@example.com does not exist"}]}, see debug logs for body
I, [2025-04-27T14:54:13.646192 #1681]  INFO -- : Received response with status: 400, headers: {"Date"=>"Sun, 27 Apr 2025 21:54:12 GMT", "Server"=>"uvicorn", "Content-Length"=>"41", "Content-Type"=>"application/json"}, see debug logs for body
I, [2025-04-27T14:54:41.422364 #1805]  INFO -- : Running example 'Verifying a pact between RegistrationUI and backend-api Given User test.user@example.com does not exist a request to register a new user via web form with POST /auth/register returns a response which has status code 201'
I, [2025-04-27T14:54:41.422477 #1805]  INFO -- : Sending POST request to path: "/auth/register" with headers: {"CONTENT_TYPE"=>"application/json", "HTTP_X_PACT_ORIGINAL_HEADER_NAMES"=>"Content-Type", "X_PACT_PROVIDER_STATES"=>[{"name"=>"User test.user@example.com does not exist"}]}, see debug logs for body
I, [2025-04-27T14:54:41.436515 #1805]  INFO -- : Received response with status: 400, headers: {"Date"=>"Sun, 27 Apr 2025 21:54:40 GMT", "Server"=>"uvicorn", "Content-Length"=>"41", "Content-Type"=>"application/json"}, see debug logs for body
I, [2025-04-27T14:55:40.772370 #3511]  INFO -- : Running example 'Verifying a pact between RegistrationUI and backend-api Given User test.user@example.com does not exist a request to register a new user via web form with POST /auth/register returns a response which has status code 201'
I, [2025-04-27T14:55:40.772586 #3511]  INFO -- : Sending POST request to path: "/auth/register" with headers: {"CONTENT_TYPE"=>"application/json", "HTTP_X_PACT_ORIGINAL_HEADER_NAMES"=>"Content-Type", "X_PACT_PROVIDER_STATES"=>[{"name"=>"User test.user@example.com does not exist"}]}, see debug logs for body
I, [2025-04-27T14:55:40.789408 #3511]  INFO -- : Received response with status: 400, headers: {"Date"=>"Sun, 27 Apr 2025 21:55:40 GMT", "Server"=>"uvicorn", "Content-Length"=>"41", "Content-Type"=>"application/json"}, see debug logs for body
I, [2025-04-27T14:58:33.799950 #4050]  INFO -- : Running example 'Verifying a pact between RegistrationUI and backend-api Given User test.user@example.com does not exist a request to register a new user via web form with POST /auth/register returns a response which has status code 201'
I, [2025-04-27T14:58:33.800052 #4050]  INFO -- : Sending POST request to path: "/auth/register" with headers: {"CONTENT_TYPE"=>"application/json", "HTTP_X_PACT_ORIGINAL_HEADER_NAMES"=>"Content-Type", "X_PACT_PROVIDER_STATES"=>[{"name"=>"User test.user@example.com does not exist"}]}, see debug logs for body
I, [2025-04-27T14:58:33.814287 #4050]  INFO -- : Received response with status: 400, headers: {"Date"=>"Sun, 27 Apr 2025 21:58:32 GMT", "Server"=>"uvicorn", "Content-Length"=>"41", "Content-Type"=>"application/json"}, see debug logs for body
I, [2025-04-27T14:59:59.259373 #4112]  INFO -- : Running example 'Verifying a pact between RegistrationUI and backend-api Given User test.user@example.com does not exist a request to register a new user via web form with POST /auth/register returns a response which has status code 201'
I, [2025-04-27T14:59:59.259485 #4112]  INFO -- : Sending POST request to path: "/auth/register" with headers: {"CONTENT_TYPE"=>"application/json", "HTTP_X_PACT_ORIGINAL_HEADER_NAMES"=>"Content-Type", "X_PACT_PROVIDER_STATES"=>[{"name"=>"User test.user@example.com does not exist"}]}, see debug logs for body
I, [2025-04-27T14:59:59.273862 #4112]  INFO -- : Received response with status: 400, headers: {"Date"=>"Sun, 27 Apr 2025 21:59:58 GMT", "Server"=>"uvicorn", "Content-Length"=>"41", "Content-Type"=>"application/json"}, see debug logs for body
I, [2025-04-27T15:00:24.621934 #4166]  INFO -- : Running example 'Verifying a pact between RegistrationUI and backend-api Given User test.user@example.com does not exist a request to register a new user via web form with POST /auth/register returns a response which has status code 201'
I, [2025-04-27T15:00:24.622160 #4166]  INFO -- : Sending POST request to path: "/auth/register" with headers: {"CONTENT_TYPE"=>"application/json", "HTTP_X_PACT_ORIGINAL_HEADER_NAMES"=>"Content-Type", "X_PACT_PROVIDER_STATES"=>[{"name"=>"User test.user@example.com does not exist"}]}, see debug logs for body
I, [2025-04-27T15:00:24.644793 #4166]  INFO -- : Received response with status: 500, headers: {"Date"=>"Sun, 27 Apr 2025 22:00:24 GMT", "Server"=>"uvicorn", "Content-Length"=>"62", "Content-Type"=>"application/json"}, see debug logs for body
I, [2025-04-27T15:02:20.387496 #4399]  INFO -- : Running example 'Verifying a pact between RegistrationUI and backend-api Given User test.user@example.com does not exist a request to register a new user via web form with POST /auth/register returns a response which has status code 201'
I, [2025-04-27T15:02:20.387615 #4399]  INFO -- : Sending POST request to path: "/auth/register" with headers: {"CONTENT_TYPE"=>"application/json", "HTTP_X_PACT_ORIGINAL_HEADER_NAMES"=>"Content-Type", "X_PACT_PROVIDER_STATES"=>[{"name"=>"User test.user@example.com does not exist"}]}, see debug logs for body
I, [2025-04-27T15:02:20.403856 #4399]  INFO -- : Received response with status: 500, headers: {"Date"=>"Sun, 27 Apr 2025 22:02:19 GMT", "Server"=>"uvicorn", "Content-Length"=>"62", "Content-Type"=>"application/json"}, see debug logs for body
I, [2025-04-27T15:03:42.431910 #4459]  INFO -- : Running example 'Verifying a pact between RegistrationUI and backend-api Given User test.user@example.com does not exist a request to register a new user via web form with POST /auth/register returns a response which has status code 201'
I, [2025-04-27T15:03:42.432012 #4459]  INFO -- : Sending POST request to path: "/auth/register" with headers: {"CONTENT_TYPE"=>"application/json", "HTTP_X_PACT_ORIGINAL_HEADER_NAMES"=>"Content-Type", "X_PACT_PROVIDER_STATES"=>[{"name"=>"User test.user@example.com does not exist"}]}, see debug logs for body
I, [2025-04-27T15:03:42.447984 #4459]  INFO -- : Received response with status: 500, headers: {"Date"=>"Sun, 27 Apr 2025 22:03:41 GMT", "Server"=>"uvicorn", "Content-Length"=>"62", "Content-Type"=>"application/json"}, see debug logs for body
I, [2025-04-27T15:04:06.511742 #4526]  INFO -- : Running example 'Verifying a pact between RegistrationUI and backend-api Given User test.user@example.com does not exist a request to register a new user via web form with POST /auth/register returns a response which has status code 201'
I, [2025-04-27T15:04:06.511849 #4526]  INFO -- : Sending POST request to path: "/auth/register" with headers: {"CONTENT_TYPE"=>"application/json", "HTTP_X_PACT_ORIGINAL_HEADER_NAMES"=>"Content-Type", "X_PACT_PROVIDER_STATES"=>[{"name"=>"User test.user@example.com does not exist"}]}, see debug logs for body
I, [2025-04-27T15:04:06.529718 #4526]  INFO -- : Received response with status: 500, headers: {"Date"=>"Sun, 27 Apr 2025 22:04:05 GMT", "Server"=>"uvicorn", "Content-Length"=>"62", "Content-Type"=>"application/json"}, see debug logs for body
I, [2025-04-27T15:04:27.771124 #4593]  INFO -- : Running example 'Verifying a pact between RegistrationUI and backend-api Given User test.user@example.com does not exist a request to register a new user via web form with POST /auth/register returns a response which has status code 201'
I, [2025-04-27T15:04:27.771238 #4593]  INFO -- : Sending POST request to path: "/auth/register" with headers: {"CONTENT_TYPE"=>"application/json", "HTTP_X_PACT_ORIGINAL_HEADER_NAMES"=>"Content-Type", "X_PACT_PROVIDER_STATES"=>[{"name"=>"User test.user@example.com does not exist"}]}, see debug logs for body
I, [2025-04-27T15:04:27.787771 #4593]  INFO -- : Received response with status: 500, headers: {"Date"=>"Sun, 27 Apr 2025 22:04:26 GMT", "Server"=>"uvicorn", "Content-Length"=>"62", "Content-Type"=>"application/json"}, see debug logs for body
I, [2025-04-27T15:06:27.918370 #4763]  INFO -- : Running example 'Verifying a pact between RegistrationUI and backend-api Given User test.user@example.com does not exist a request to register a new user via web form with POST /auth/register returns a response which has status code 201'
I, [2025-04-27T15:06:27.918475 #4763]  INFO -- : Sending POST request to path: "/auth/register" with headers: {"CONTENT_TYPE"=>"application/json", "HTTP_X_PACT_ORIGINAL_HEADER_NAMES"=>"Content-Type", "X_PACT_PROVIDER_STATES"=>[{"name"=>"User test.user@example.com does not exist"}]}, see debug logs for body
I, [2025-04-27T15:06:27.934847 #4763]  INFO -- : Received response with status: 500, headers: {"Date"=>"Sun, 27 Apr 2025 22:06:26 GMT", "Server"=>"uvicorn", "Content-Length"=>"62", "Content-Type"=>"application/json"}, see debug logs for body
I, [2025-04-27T15:08:48.652697 #4903]  INFO -- : Running example 'Verifying a pact between RegistrationUI and backend-api Given User test.user@example.com does not exist a request to register a new user via web form with POST /auth/register returns a response which has status code 201'
I, [2025-04-27T15:08:48.652795 #4903]  INFO -- : Sending POST request to path: "/auth/register" with headers: {"CONTENT_TYPE"=>"application/json", "HTTP_X_PACT_ORIGINAL_HEADER_NAMES"=>"Content-Type", "X_PACT_PROVIDER_STATES"=>[{"name"=>"User test.user@example.com does not exist"}]}, see debug logs for body
I, [2025-04-27T15:08:48.668727 #4903]  INFO -- : Received response with status: 500, headers: {"Date"=>"Sun, 27 Apr 2025 22:08:47 GMT", "Server"=>"uvicorn", "Content-Length"=>"62", "Content-Type"=>"application/json"}, see debug logs for body
I, [2025-04-27T15:11:48.488667 #5013]  INFO -- : Running example 'Verifying a pact between RegistrationUI and backend-api Given User test.user@example.com does not exist a request to register a new user via web form with POST /auth/register returns a response which has status code 201'
I, [2025-04-27T15:11:48.488780 #5013]  INFO -- : Sending POST request to path: "/auth/register" with headers: {"CONTENT_TYPE"=>"application/json", "HTTP_X_PACT_ORIGINAL_HEADER_NAMES"=>"Content-Type", "X_PACT_PROVIDER_STATES"=>[{"name"=>"User test.user@example.com does not exist"}]}, see debug logs for body
I, [2025-04-27T15:11:48.504693 #5013]  INFO -- : Received response with status: 500, headers: {"Date"=>"Sun, 27 Apr 2025 22:11:47 GMT", "Server"=>"uvicorn", "Content-Length"=>"62", "Content-Type"=>"application/json"}, see debug logs for body
I, [2025-04-27T15:12:20.148421 #5104]  INFO -- : Running example 'Verifying a pact between RegistrationUI and backend-api Given User test.user@example.com does not exist a request to register a new user via web form with POST /auth/register returns a response which has status code 201'
I, [2025-04-27T15:12:20.148662 #5104]  INFO -- : Sending POST request to path: "/auth/register" with headers: {"CONTENT_TYPE"=>"application/json", "HTTP_X_PACT_ORIGINAL_HEADER_NAMES"=>"Content-Type", "X_PACT_PROVIDER_STATES"=>[{"name"=>"User test.user@example.com does not exist"}]}, see debug logs for body
I, [2025-04-27T15:12:20.169198 #5104]  INFO -- : Received response with status: 500, headers: {"Date"=>"Sun, 27 Apr 2025 22:12:20 GMT", "Server"=>"uvicorn", "Content-Length"=>"62", "Content-Type"=>"application/json"}, see debug logs for body
I, [2025-04-27T15:14:30.224657 #5275]  INFO -- : Running example 'Verifying a pact between RegistrationUI and backend-api Given User test.user@example.com does not exist a request to register a new user via web form with POST /auth/register returns a response which has status code 201'
I, [2025-04-27T15:14:30.224905 #5275]  INFO -- : Sending POST request to path: "/auth/register" with headers: {"CONTENT_TYPE"=>"application/json", "HTTP_X_PACT_ORIGINAL_HEADER_NAMES"=>"Content-Type", "X_PACT_PROVIDER_STATES"=>[{"name"=>"User test.user@example.com does not exist"}]}, see debug logs for body
I, [2025-04-27T15:14:30.245382 #5275]  INFO -- : Received response with status: 500, headers: {"Date"=>"Sun, 27 Apr 2025 22:14:30 GMT", "Server"=>"uvicorn", "Content-Length"=>"62", "Content-Type"=>"application/json"}, see debug logs for body
I, [2025-04-27T15:19:16.300718 #5391]  INFO -- : Running example 'Verifying a pact between RegistrationUI and backend-api Given User test.user@example.com does not exist a request to register a new user via web form with POST /auth/register returns a response which has status code 201'
I, [2025-04-27T15:19:16.301571 #5391]  INFO -- : Sending POST request to path: "/auth/register" with headers: {"CONTENT_TYPE"=>"application/json", "HTTP_X_PACT_ORIGINAL_HEADER_NAMES"=>"Content-Type", "X_PACT_PROVIDER_STATES"=>[{"name"=>"User test.user@example.com does not exist"}]}, see debug logs for body
I, [2025-04-27T15:19:16.324373 #5391]  INFO -- : Received response with status: 500, headers: {"Date"=>"Sun, 27 Apr 2025 22:19:15 GMT", "Server"=>"uvicorn", "Content-Length"=>"62", "Content-Type"=>"application/json"}, see debug logs for body
I, [2025-04-27T15:20:04.502965 #5478]  INFO -- : Running example 'Verifying a pact between RegistrationUI and backend-api Given User test.user@example.com does not exist a request to register a new user via web form with POST /auth/register returns a response which has status code 201'
I, [2025-04-27T15:20:04.503191 #5478]  INFO -- : Sending POST request to path: "/auth/register" with headers: {"CONTENT_TYPE"=>"application/json", "HTTP_X_PACT_ORIGINAL_HEADER_NAMES"=>"Content-Type", "X_PACT_PROVIDER_STATES"=>[{"name"=>"User test.user@example.com does not exist"}]}, see debug logs for body
I, [2025-04-27T15:20:04.523474 #5478]  INFO -- : Received response with status: 500, headers: {"Date"=>"Sun, 27 Apr 2025 22:20:04 GMT", "Server"=>"uvicorn", "Content-Length"=>"62", "Content-Type"=>"application/json"}, see debug logs for body
I, [2025-04-27T15:22:40.173916 #5656]  INFO -- : Running example 'Verifying a pact between RegistrationUI and backend-api Given User test.user@example.com does not exist a request to register a new user via web form with POST /auth/register returns a response which has status code 201'
I, [2025-04-27T15:22:40.174157 #5656]  INFO -- : Sending POST request to path: "/auth/register" with headers: {"CONTENT_TYPE"=>"application/json", "HTTP_X_PACT_ORIGINAL_HEADER_NAMES"=>"Content-Type", "X_PACT_PROVIDER_STATES"=>[{"name"=>"User test.user@example.com does not exist"}]}, see debug logs for body
I, [2025-04-27T15:22:40.183028 #5656]  INFO -- : Received response with status: 201, headers: {"Date"=>"Sun, 27 Apr 2025 22:22:40 GMT", "Server"=>"uvicorn", "Content-Length"=>"135", "Content-Type"=>"application/json"}, see debug logs for body
